Partition Assistant log is as follows:

====================== System Information ======================
Module Path: D:\Desktop\PEandcmd\bin\PartAssist.exe
Product Name: Windows 10 Enterprise
Service Package: 
OS Version: 6.3
Total Memory: 8079 MB
Available Memory: 4120 MB
System Root: C:\Windows
Processor Architecture: AMD64
Processor Number: 12
Current Time: 2020-2-8 19:40:47
================================================================

[0       ]Utility.cpp(257): 64-bit operating system.
[2       ]MRP.cpp(1020): Failed to copy ampa.exe.
AOMEI Partition Assistant 6.1.2 Technician Edition
[0       ]fatlabel.cpp(184): Failed to get label for FAT32.



//////////////////////////// Reload Disk Information ////////////////////////////


Disks Summary:
================================================================
Disk Index	Total Sector		Geometry			Product Name
----------	------------		--------			------------
0		1953525168 (931.51GB)	(121601,255,63,512)		HGST HTS541010B7E610 (GPT Disk)
1		500118192 (238.47GB)	(31130,255,63,512)		SAMSUNG MZVPW256HEGL-000H1 (GPT Disk)
2		15728640 (7.50GB)	(979,255,63,512)		Generic Flash Disk       (Base Disk)


Partitions Summary:
================================================================
Disk	Partition	Drive Letter	File System	Total Sector		Used Sector		Free Sector		Partition Status	Pri/Log		DBR Start Sector	End Sector      			MBR Start Sector			Cluster Size	Volume Label
----	---------	------------	-----------	------------		-----------		-----------		----------------	-------		----------------	----------------			----------------			------------	------------
0	1		*:		Other       	262144     (128.00MB)	0          (0KB)	262144     (128.00MB)	None                	GPT,MSR		34             		262177         (16,81,35)		0           (0,0,35)			0		
0	2		D:		NTFS(3.1)   	976629759  (465.69GB)	257088480  (122.59GB)	719541279  (343.10GB)	None                	GPT,Data		264192         		976893951      (60808,213,13)		0           (16,113,34)			8		Relys
0	3		E:		NTFS(3.1)   	976631182  (465.69GB)	595288392  (283.86GB)	381342790  (181.84GB)	None                	GPT,Data		976893952      		1953525134     (121601,80,30)		0           (60808,213,14)			8		WorkStation

1	1		*:		NTFS(3.1)   	1083391    (529.00MB)	20480      (10.00MB)	1062911    (519.00MB)	None                	GPT,WRE		2048           		1085439        (67,144,13)		0           (0,32,33)			8		»Ö¸´
1	2		*:		FAT32       	204800     (100.00MB)	61918      (30.23MB)	142882     (69.77MB)	Sys                 	GPT,EFI		1085440        		1290239        (80,79,63)		0           (67,144,14)			2		
1	3		*:		Other       	32768      (16.00MB)	0          (0KB)	32768      (16.00MB)	None                	GPT,MSR		1290240        		1323007        (82,90,8)		0           (80,80,1)			0		
1	4		C:		NTFS(3.1)   	498794495  (237.84GB)	150761680  (71.89GB)	348032815  (165.95GB)	Boot                	GPT,Data		1323008        		500117503      (31130,223,5)		0           (82,90,9)			8		

2	1		F:		FAT32       	4194304    (2.00GB)	179968     (87.88MB)	4014336    (1.91GB)	Act                 	Primary		256            		4194559        (261,25,20)		0           (0,4,5)			8		Edgeless
2	2		G:		exFAT       	11534080   (5.50GB)	0          (0KB)	11534080   (5.50GB)	None                	Primary		4194560        		15728639       (979,15,60)		0           (261,25,21)			0		

