Partition Assistant log is as follows:

====================== System Information ======================
Module Path: D:\Desktop\Edgeless\启动盘制作工具训练场\core\PartAssist\PartAssist.exe
Product Name: Windows 10 Enterprise
Service Package: 
OS Version: 6.3
Total Memory: 16271 MB
Available Memory: 11093 MB
System Root: C:\Windows
Processor Architecture: AMD64
Processor Number: 12
Current Time: 2020-3-14 20:30:25
================================================================

[0       ]Utility.cpp(257): 64-bit operating system.
[2       ]MRP.cpp(1020): Failed to copy ampa.exe.
AOMEI Partition Assistant 6.1.2 Technician Edition
[0       ]fatlabel.cpp(184): Failed to get label for FAT32.



//////////////////////////// Reload Disk Information ////////////////////////////


Disks Summary:
================================================================
Disk Index	Total Sector		Geometry			Product Name
----------	------------		--------			------------
0		1953525168 (931.51GB)	(121601,255,63,512)		HGST HTS541010B7E610 (GPT Disk)
1		500118192 (238.47GB)	(31130,255,63,512)		SAMSUNG MZVPW256HEGL-000H1 (GPT Disk)
2		60062500 (28.64GB)	(3738,255,63,512)		SanDiskUltra Fit (Base Disk)
3		62668800 (29.88GB)	(3900,255,63,512)		Samsung Flash Drive      (Base Disk)


Partitions Summary:
================================================================
Disk	Partition	Drive Letter	File System	Total Sector		Used Sector		Free Sector		Partition Status	Pri/Log		DBR Start Sector	End Sector      			MBR Start Sector			Cluster Size	Volume Label
----	---------	------------	-----------	------------		-----------		-----------		----------------	-------		----------------	----------------			----------------			------------	------------
0	1		*:		Other       	262144     (128.00MB)	0          (0KB)	262144     (128.00MB)	None                	GPT,MSR		34             		262177         (16,81,35)		0           (0,0,35)			0		
0	2		D:		NTFS(3.1)   	976629759  (465.69GB)	271105744  (129.27GB)	705524015  (336.42GB)	None                	GPT,Data		264192         		976893951      (60808,213,13)		0           (16,113,34)			8		Relys
0	3		E:		NTFS(3.1)   	976631182  (465.69GB)	550693072  (262.59GB)	425938110  (203.10GB)	None                	GPT,Data		976893952      		1953525134     (121601,80,30)		0           (60808,213,14)			8		WorkStation

1	1		*:		NTFS(3.1)   	1083391    (529.00MB)	20480      (10.00MB)	1062911    (519.00MB)	None                	GPT,WRE		2048           		1085439        (67,144,13)		0           (0,32,33)			8		恢复
1	2		*:		FAT32       	204800     (100.00MB)	61926      (30.24MB)	142874     (69.76MB)	Sys                 	GPT,EFI		1085440        		1290239        (80,79,63)		0           (67,144,14)			2		
1	3		*:		Other       	32768      (16.00MB)	0          (0KB)	32768      (16.00MB)	None                	GPT,MSR		1290240        		1323007        (82,90,8)		0           (80,80,1)			0		
1	4		C:		NTFS(3.1)   	498794495  (237.84GB)	187748248  (89.53GB)	311046247  (148.32GB)	Boot                	GPT,Data		1323008        		500117503      (31130,223,5)		0           (82,90,9)			8		

2	1		F:		FAT32       	4245387    (2.02GB)	1825264    (891.24MB)	2420123    (1.15GB)	Act                 	Primary		256            		4245642        (264,71,10)		0           (0,4,5)			16		EDGELESS
2	2		G:		exFAT       	55816852   (26.62GB)	0          (0KB)	55816852   (26.62GB)	None                	Primary		4245648        		60062499       (3738,183,1)		0           (264,71,16)			0		

3	1		H:		exFAT       	60869120   (29.02GB)	0          (0KB)	60869120   (29.02GB)	None                	Primary		256            		60869375       (3788,240,36)		0           (0,4,5)			0		
3	2		*:		FAT16       	1799424    (878.63MB)	1235104    (603.08MB)	564320     (275.55MB)	Act Hid             	Primary		60869376       		62668799       (3900,242,54)		0           (3788,240,37)			32		Edgeless

