Partition Assistant log is as follows:

====================== System Information ======================
Module Path: D:\Desktop\Edgeless\启动盘制作工具训练场\core\PartAssist\PartAssist.exe
Product Name: Windows 10 Enterprise
Service Package: 
OS Version: 6.3
Total Memory: 16271 MB
Available Memory: 13243 MB
System Root: C:\Windows
Processor Architecture: AMD64
Processor Number: 12
Current Time: 2020-3-13 15:47:3
================================================================

[0       ]Utility.cpp(257): 64-bit operating system.
[2       ]MRP.cpp(1020): Failed to copy ampa.exe.
AOMEI Partition Assistant 6.1.2 Technician Edition
[0       ]fatlabel.cpp(184): Failed to get label for FAT32.



//////////////////////////// Reload Disk Information ////////////////////////////


Disks Summary:
================================================================
Disk Index	Total Sector		Geometry			Product Name
----------	------------		--------			------------
0		1953525168 (931.51GB)	(121601,255,63,512)		HGST HTS541010B7E610 (GPT Disk)
1		500118192 (238.47GB)	(31130,255,63,512)		SAMSUNG MZVPW256HEGL-000H1 (GPT Disk)
2		15644672 (7.46GB)	(973,255,63,512)		KingstonDT 101 G2        (Base Disk)


Partitions Summary:
================================================================
Disk	Partition	Drive Letter	File System	Total Sector		Used Sector		Free Sector		Partition Status	Pri/Log		DBR Start Sector	End Sector      			MBR Start Sector			Cluster Size	Volume Label
----	---------	------------	-----------	------------		-----------		-----------		----------------	-------		----------------	----------------			----------------			------------	------------
0	1		*:		Other       	262144     (128.00MB)	0          (0KB)	262144     (128.00MB)	None                	GPT,MSR		34             		262177         (16,81,35)		0           (0,0,35)			0		
0	2		D:		NTFS(3.1)   	976629759  (465.69GB)	281700440  (134.33GB)	694929319  (331.37GB)	None                	GPT,Data		264192         		976893951      (60808,213,13)		0           (16,113,34)			8		Relys
0	3		E:		NTFS(3.1)   	976631182  (465.69GB)	538309120  (256.69GB)	438322062  (209.01GB)	None                	GPT,Data		976893952      		1953525134     (121601,80,30)		0           (60808,213,14)			8		WorkStation

1	1		*:		NTFS(3.1)   	1083391    (529.00MB)	20480      (10.00MB)	1062911    (519.00MB)	None                	GPT,WRE		2048           		1085439        (67,144,13)		0           (0,32,33)			8		恢复
1	2		*:		FAT32       	204800     (100.00MB)	61926      (30.24MB)	142874     (69.76MB)	Sys                 	GPT,EFI		1085440        		1290239        (80,79,63)		0           (67,144,14)			2		
1	3		*:		Other       	32768      (16.00MB)	0          (0KB)	32768      (16.00MB)	None                	GPT,MSR		1290240        		1323007        (82,90,8)		0           (80,80,1)			0		
1	4		C:		NTFS(3.1)   	498794495  (237.84GB)	184735840  (88.09GB)	314058655  (149.75GB)	Boot                	GPT,Data		1323008        		500117503      (31130,223,5)		0           (82,90,9)			8		

2	1		F:		FAT32       	15644672   (7.46GB)	32816      (16.02MB)	15611856   (7.44GB)	None                	Primary		0              		15644671       (973,213,8)		0           (0,0,1)			8		新加卷

