Partition Assistant log is as follows:

====================== System Information ======================
Module Path: D:\Desktop\Edgeless\启动盘制作工具训练场\core\PartAssist\PartAssist.exe
Product Name: Windows 10 Enterprise
Service Package: 
OS Version: 6.3
Total Memory: 16271 MB
Available Memory: 10445 MB
System Root: C:\Windows
Processor Architecture: AMD64
Processor Number: 12
Current Time: 2020-3-13 15:41:43
================================================================

[0       ]Utility.cpp(257): 64-bit operating system.
[2       ]MRP.cpp(1020): Failed to copy ampa.exe.
AOMEI Partition Assistant 6.1.2 Technician Edition
[0       ]fatlabel.cpp(184): Failed to get label for FAT32.



//////////////////////////// Reload Disk Information ////////////////////////////


Disks Summary:
================================================================
Disk Index	Total Sector		Geometry			Product Name
----------	------------		--------			------------
0		1953525168 (931.51GB)	(121601,255,63,512)		HGST HTS541010B7E610 (GPT Disk)
1		500118192 (238.47GB)	(31130,255,63,512)		SAMSUNG MZVPW256HEGL-000H1 (GPT Disk)
2		15644672 (7.46GB)	(973,255,63,512)		KingstonDT 101 G2        (Base Disk)


Partitions Summary:
================================================================
Disk	Partition	Drive Letter	File System	Total Sector		Used Sector		Free Sector		Partition Status	Pri/Log		DBR Start Sector	End Sector      			MBR Start Sector			Cluster Size	Volume Label
----	---------	------------	-----------	------------		-----------		-----------		----------------	-------		----------------	----------------			----------------			------------	------------
0	1		*:		Other       	262144     (128.00MB)	0          (0KB)	262144     (128.00MB)	None                	GPT,MSR		34             		262177         (16,81,35)		0           (0,0,35)			0		
0	2		D:		NTFS(3.1)   	976629759  (465.69GB)	281700408  (134.33GB)	694929351  (331.37GB)	None                	GPT,Data		264192         		976893951      (60808,213,13)		0           (16,113,34)			8		Relys
0	3		E:		NTFS(3.1)   	976631182  (465.69GB)	538309120  (256.69GB)	438322062  (209.01GB)	None                	GPT,Data		976893952      		1953525134     (121601,80,30)		0           (60808,213,14)			8		WorkStation

1	1		*:		NTFS(3.1)   	1083391    (529.00MB)	20480      (10.00MB)	1062911    (519.00MB)	None                	GPT,WRE		2048           		1085439        (67,144,13)		0           (0,32,33)			8		恢复
1	2		*:		FAT32       	204800     (100.00MB)	61926      (30.24MB)	142874     (69.76MB)	Sys                 	GPT,EFI		1085440        		1290239        (80,79,63)		0           (67,144,14)			2		
1	3		*:		Other       	32768      (16.00MB)	0          (0KB)	32768      (16.00MB)	None                	GPT,MSR		1290240        		1323007        (82,90,8)		0           (80,80,1)			0		
1	4		C:		NTFS(3.1)   	498794495  (237.84GB)	184802152  (88.12GB)	313992343  (149.72GB)	Boot                	GPT,Data		1323008        		500117503      (31130,223,5)		0           (82,90,9)			8		

2	1		*:		FAT32       	15644672   (7.46GB)	32800      (16.02MB)	15611872   (7.44GB)	None                	Primary		0              		15644671       (973,213,8)		0           (0,0,1)			8		新加卷

================================================================
AOMEI Partition Assistant Is Working...
 

==========================User Operations==============================
1.Clearing Disk
	Hard Disk:		3
 	Wipe Data:		NO
 	Disk Size:		7.46GB

=======================================================================

[50      ]optcore.cpp(2715): Failed to UpdatePartTable in _ClearDisk.
///////////////////////////////////////////////
抱歉,当前操作己取消!
信息代码: 6
描述: 分区表正被其它程序独占访问,本程序修改它失败.请先关闭所有的其它程序再试.

关于此信息代码的详细信息与解决办法请访问这个网址: http://www.disktool.cn/jiaocheng/errorcode.html 
///////////////////////////////////////////////
[0       ]fatlabel.cpp(184): Failed to get label for FAT32.



//////////////////////////// Reload Disk Information ////////////////////////////


Disks Summary:
================================================================
Disk Index	Total Sector		Geometry			Product Name
----------	------------		--------			------------
0		1953525168 (931.51GB)	(121601,255,63,512)		HGST HTS541010B7E610 (GPT Disk)
1		500118192 (238.47GB)	(31130,255,63,512)		SAMSUNG MZVPW256HEGL-000H1 (GPT Disk)
2		15644672 (7.46GB)	(973,255,63,512)		KingstonDT 101 G2        (Base Disk)


Partitions Summary:
================================================================
Disk	Partition	Drive Letter	File System	Total Sector		Used Sector		Free Sector		Partition Status	Pri/Log		DBR Start Sector	End Sector      			MBR Start Sector			Cluster Size	Volume Label
----	---------	------------	-----------	------------		-----------		-----------		----------------	-------		----------------	----------------			----------------			------------	------------
0	1		*:		Other       	262144     (128.00MB)	0          (0KB)	262144     (128.00MB)	None                	GPT,MSR		34             		262177         (16,81,35)		0           (0,0,35)			0		
0	2		D:		NTFS(3.1)   	976629759  (465.69GB)	281700416  (134.33GB)	694929343  (331.37GB)	None                	GPT,Data		264192         		976893951      (60808,213,13)		0           (16,113,34)			8		Relys
0	3		E:		NTFS(3.1)   	976631182  (465.69GB)	538309120  (256.69GB)	438322062  (209.01GB)	None                	GPT,Data		976893952      		1953525134     (121601,80,30)		0           (60808,213,14)			8		WorkStation

1	1		*:		NTFS(3.1)   	1083391    (529.00MB)	20480      (10.00MB)	1062911    (519.00MB)	None                	GPT,WRE		2048           		1085439        (67,144,13)		0           (0,32,33)			8		恢复
1	2		*:		FAT32       	204800     (100.00MB)	61926      (30.24MB)	142874     (69.76MB)	Sys                 	GPT,EFI		1085440        		1290239        (80,79,63)		0           (67,144,14)			2		
1	3		*:		Other       	32768      (16.00MB)	0          (0KB)	32768      (16.00MB)	None                	GPT,MSR		1290240        		1323007        (82,90,8)		0           (80,80,1)			0		
1	4		C:		NTFS(3.1)   	498794495  (237.84GB)	184800736  (88.12GB)	313993759  (149.72GB)	Boot                	GPT,Data		1323008        		500117503      (31130,223,5)		0           (82,90,9)			8		

2	1		*:		FAT32       	15644672   (7.46GB)	32800      (16.02MB)	15611872   (7.44GB)	None                	Primary		0              		15644671       (973,213,8)		0           (0,0,1)			8		新加卷


==========================User Operations==============================
1.Changing Drive Letter
	Hard Disk:		3
 	Drive Letter:		*: => F:
 	File System:		FAT32
 	Partition Label:	新加卷
 	Size:			7.46GB

=======================================================================

[2       ]vol.cpp(258): Open drive (*:) fail.
[0       ]symlink.cpp(50): Failed to ZwQuerySymbolicLinkObject.
[0       ]symlink.cpp(50): Failed to ZwQuerySymbolicLinkObject.
[0       ]fatlabel.cpp(184): Failed to get label for FAT32.



//////////////////////////// Reload Disk Information ////////////////////////////


Disks Summary:
================================================================
Disk Index	Total Sector		Geometry			Product Name
----------	------------		--------			------------
0		1953525168 (931.51GB)	(121601,255,63,512)		HGST HTS541010B7E610 (GPT Disk)
1		500118192 (238.47GB)	(31130,255,63,512)		SAMSUNG MZVPW256HEGL-000H1 (GPT Disk)
2		15644672 (7.46GB)	(973,255,63,512)		KingstonDT 101 G2        (Base Disk)


Partitions Summary:
================================================================
Disk	Partition	Drive Letter	File System	Total Sector		Used Sector		Free Sector		Partition Status	Pri/Log		DBR Start Sector	End Sector      			MBR Start Sector			Cluster Size	Volume Label
----	---------	------------	-----------	------------		-----------		-----------		----------------	-------		----------------	----------------			----------------			------------	------------
0	1		*:		Other       	262144     (128.00MB)	0          (0KB)	262144     (128.00MB)	None                	GPT,MSR		34             		262177         (16,81,35)		0           (0,0,35)			0		
0	2		D:		NTFS(3.1)   	976629759  (465.69GB)	281700424  (134.33GB)	694929335  (331.37GB)	None                	GPT,Data		264192         		976893951      (60808,213,13)		0           (16,113,34)			8		Relys
0	3		E:		NTFS(3.1)   	976631182  (465.69GB)	538309120  (256.69GB)	438322062  (209.01GB)	None                	GPT,Data		976893952      		1953525134     (121601,80,30)		0           (60808,213,14)			8		WorkStation

1	1		*:		NTFS(3.1)   	1083391    (529.00MB)	20480      (10.00MB)	1062911    (519.00MB)	None                	GPT,WRE		2048           		1085439        (67,144,13)		0           (0,32,33)			8		恢复
1	2		*:		FAT32       	204800     (100.00MB)	61926      (30.24MB)	142874     (69.76MB)	Sys                 	GPT,EFI		1085440        		1290239        (80,79,63)		0           (67,144,14)			2		
1	3		*:		Other       	32768      (16.00MB)	0          (0KB)	32768      (16.00MB)	None                	GPT,MSR		1290240        		1323007        (82,90,8)		0           (80,80,1)			0		
1	4		C:		NTFS(3.1)   	498794495  (237.84GB)	184800928  (88.12GB)	313993567  (149.72GB)	Boot                	GPT,Data		1323008        		500117503      (31130,223,5)		0           (82,90,9)			8		

2	1		F:		FAT32       	15644672   (7.46GB)	32800      (16.02MB)	15611872   (7.44GB)	None                	Primary		0              		15644671       (973,213,8)		0           (0,0,1)			8		新加卷

